<?xml version="1.0" encoding="UTF-8"?>
<!-- Generated by org.testng.reporters.JUnitXMLReporter -->
<testsuite hostname="LAPTOP-P4EEPPJ9" name="Flights Page" tests="23" failures="0" timestamp="9 Jul 2017 19:12:36 GMT" time="24.746" errors="0">
  <testcase name="testClickFlightsLink" time="1.34" classname="com.test.FlightsPageTest"/>
  <testcase name="testClearFlightDestination" time="2.188" classname="com.test.FlightsPageTest"/>
  <testcase name="testClearFlightOrigin" time="0.096" classname="com.test.FlightsPageTest"/>
  <testcase name="testPickFlightDepartingDate" time="0.284" classname="com.test.FlightsPageTest"/>
  <testcase name="testPickFlightDestination" time="0.28" classname="com.test.FlightsPageTest"/>
  <testcase name="testPickFlightOrigin" time="0.264" classname="com.test.FlightsPageTest"/>
  <testcase name="testPickFlightReturningDate" time="0.904" classname="com.test.FlightsPageTest"/>
  <testcase name="testPickNumberofAdults" time="0.232" classname="com.test.FlightsPageTest"/>
  <testcase name="testPickNumberofKids" time="0.184" classname="com.test.FlightsPageTest"/>
  <testcase name="testPickKid1Age" time="0.228" classname="com.test.FlightsPageTest"/>
  <testcase name="testPickKid2Age" time="0.27" classname="com.test.FlightsPageTest"/>
  <testcase name="testPickKid3Age" time="0.184" classname="com.test.FlightsPageTest"/>
  <testcase name="testPickKid4Age" time="0.196" classname="com.test.FlightsPageTest"/>
  <testcase name="pickLapOrSeat" time="0.128" classname="com.test.FlightsPageTest"/>
  <testcase name="testClickAdvancedOptionsLink" time="0.152" classname="com.test.FlightsPageTest"/>
  <testcase name="testSelectNonStopFlight" time="0.828" classname="com.test.FlightsPageTest"/>
  <testcase name="testSelectPreferredAirline" time="0.144" classname="com.test.FlightsPageTest"/>
  <testcase name="testSelectPreferredAirlineClass" time="0.128" classname="com.test.FlightsPageTest"/>
  <testcase name="testSelectRefundableFlight" time="0.16" classname="com.test.FlightsPageTest"/>
  <testcase name="takeOptionsSnapshot" time="0.408" classname="com.test.FlightsPageTest"/>
  <testcase name="testClickSearchButton" time="11.84" classname="com.test.FlightsPageTest"/>
  <testcase name="TestCountSearchResults" time="0.06" classname="com.test.FlightsPageTest"/>
  <testcase name="takeResultsSnapShot" time="0.352" classname="com.test.FlightsPageTest"/>
</testsuite> <!-- Flights Page -->
